<?xml version="1.0" encoding="UTF-8"?>
<!-- Generated by org.testng.reporters.JUnitReportReporter -->
<testsuite hostname="LAPTOP-1GAU6AJL" failures="0" tests="1" name="com.inetBanking.TestCases.TC_LoginTest_001" time="31.098" errors="0" timestamp="2024-02-15T14:33:27 IST" skipped="0">
  <testcase classname="com.inetBanking.TestCases.TC_LoginTest_001" name="loginTest" time="31.098"/>
</testsuite> <!-- com.inetBanking.TestCases.TC_LoginTest_001 -->
